[debug] [2023-01-25T12:18:21.075Z] ----------------------------------------------------------------------
[debug] [2023-01-25T12:18:21.078Z] Command:       /home/goddardl/.nvm/versions/node/v18.13.0/bin/node /home/goddardl/.nvm/versions/node/v18.13.0/bin/firebase emulators:start
[debug] [2023-01-25T12:18:21.078Z] CLI Version:   11.21.0
[debug] [2023-01-25T12:18:21.078Z] Platform:      linux
[debug] [2023-01-25T12:18:21.079Z] Node Version:  v18.13.0
[debug] [2023-01-25T12:18:21.079Z] Time:          Wed Jan 25 2023 13:18:21 GMT+0100 (heure normale d’Europe centrale)
[debug] [2023-01-25T12:18:21.079Z] ----------------------------------------------------------------------
[debug] 
[debug] [2023-01-25T12:18:21.221Z] > command requires scopes: ["email","openid","https://www.googleapis.com/auth/cloudplatformprojects.readonly","https://www.googleapis.com/auth/firebase","https://www.googleapis.com/auth/cloud-platform"]
[debug] [2023-01-25T12:18:21.222Z] > authorizing via signed-in user (lologan789@gmail.com)
[info] i  emulators: Starting emulators: functions, hosting {"metadata":{"emulator":{"name":"hub"},"message":"Starting emulators: functions, hosting"}}
[debug] [2023-01-25T12:18:21.230Z] [logging] Logging Emulator only supports listening on one address (127.0.0.1). Not listening on ::1
[debug] [2023-01-25T12:18:21.230Z] [hosting] Hosting Emulator only supports listening on one address (127.0.0.1). Not listening on ::1
[debug] [2023-01-25T12:18:21.231Z] assigned listening specs for emulators {"user":{"hub":[{"address":"127.0.0.1","family":"IPv4","port":4400},{"address":"::1","family":"IPv6","port":4400}],"ui":[{"address":"127.0.0.1","family":"IPv4","port":4000},{"address":"::1","family":"IPv6","port":4000}],"logging":[{"address":"127.0.0.1","family":"IPv4","port":4500}],"hosting":[{"address":"127.0.0.1","family":"IPv4","port":5000}]},"metadata":{"message":"assigned listening specs for emulators"}}
[debug] [2023-01-25T12:18:21.242Z] [hub] writing locator at /tmp/hub-cdebybtm.json
[debug] [2023-01-25T12:18:21.263Z] [functions] Functions Emulator only supports listening on one address (127.0.0.1). Not listening on ::1
[debug] [2023-01-25T12:18:21.263Z] [eventarc] Eventarc Emulator only supports listening on one address (127.0.0.1). Not listening on ::1
[debug] [2023-01-25T12:18:21.263Z] late-assigned ports for functions and eventarc emulators {"user":{"hub":[{"address":"127.0.0.1","family":"IPv4","port":4400},{"address":"::1","family":"IPv6","port":4400}],"ui":[{"address":"127.0.0.1","family":"IPv4","port":4000},{"address":"::1","family":"IPv6","port":4000}],"logging":[{"address":"127.0.0.1","family":"IPv4","port":4500}],"hosting":[{"address":"127.0.0.1","family":"IPv4","port":5000}],"functions":[{"address":"127.0.0.1","family":"IPv4","port":5001}],"eventarc":[{"address":"127.0.0.1","family":"IPv4","port":9299}]},"metadata":{"message":"late-assigned ports for functions and eventarc emulators"}}
[warn] ⚠  functions: The following emulators are not running, calls to these services from the Functions emulator will affect production: auth, firestore, database, pubsub, storage {"metadata":{"emulator":{"name":"functions"},"message":"The following emulators are not running, calls to these services from the Functions emulator will affect production: \u001b[1mauth, firestore, database, pubsub, storage\u001b[22m"}}
[warn] ⚠  Your requested "node" version "16" doesn't match your global version "18". Using node@18 from host. {"metadata":{"emulator":{"name":"functions"},"message":"Your requested \"node\" version \"16\" doesn't match your global version \"18\". Using node@18 from host."}}
[debug] [2023-01-25T12:18:21.280Z] defaultcredentials: writing to file /home/goddardl/.config/firebase/lologan789_gmail_com_application_default_credentials.json
[debug] [2023-01-25T12:18:21.284Z] Setting GAC to /home/goddardl/.config/firebase/lologan789_gmail_com_application_default_credentials.json {"metadata":{"emulator":{"name":"functions"},"message":"Setting GAC to /home/goddardl/.config/firebase/lologan789_gmail_com_application_default_credentials.json"}}
[debug] [2023-01-25T12:18:21.287Z] >>> [apiv2][query] GET https://firebase.googleapis.com/v1beta1/projects/cdebybtm/adminSdkConfig [none]
[debug] [2023-01-25T12:18:21.758Z] <<< [apiv2][status] GET https://firebase.googleapis.com/v1beta1/projects/cdebybtm/adminSdkConfig 200
[debug] [2023-01-25T12:18:21.759Z] <<< [apiv2][body] GET https://firebase.googleapis.com/v1beta1/projects/cdebybtm/adminSdkConfig {"projectId":"cdebybtm","databaseURL":"https://cdebybtm-default-rtdb.europe-west1.firebasedatabase.app","storageBucket":"cdebybtm.appspot.com"}
[debug] [2023-01-25T12:18:21.836Z] >>> [apiv2][query] GET https://firebasehosting.googleapis.com/v1beta1/projects/cdebybtm/sites 
[debug] [2023-01-25T12:18:22.945Z] <<< [apiv2][status] GET https://firebasehosting.googleapis.com/v1beta1/projects/cdebybtm/sites 200
[debug] [2023-01-25T12:18:22.945Z] <<< [apiv2][body] GET https://firebasehosting.googleapis.com/v1beta1/projects/cdebybtm/sites {"sites":[{"name":"projects/cdebybtm/sites/cdebybtm","defaultUrl":"https://cdebybtm.web.app","appId":"1:496865873078:web:60dd8b6088332fa535ea17","type":"DEFAULT_SITE"}]}
[debug] [2023-01-25T12:18:22.946Z] >>> [apiv2][query] GET https://firebase.googleapis.com/v1beta1/projects/cdebybtm/webApps/1:496865873078:web:60dd8b6088332fa535ea17/config [none]
[debug] [2023-01-25T12:18:23.824Z] <<< [apiv2][status] GET https://firebase.googleapis.com/v1beta1/projects/cdebybtm/webApps/1:496865873078:web:60dd8b6088332fa535ea17/config 200
[debug] [2023-01-25T12:18:23.824Z] <<< [apiv2][body] GET https://firebase.googleapis.com/v1beta1/projects/cdebybtm/webApps/1:496865873078:web:60dd8b6088332fa535ea17/config {"projectId":"cdebybtm","appId":"1:496865873078:web:60dd8b6088332fa535ea17","databaseURL":"https://cdebybtm-default-rtdb.europe-west1.firebasedatabase.app","storageBucket":"cdebybtm.appspot.com","apiKey":"AIzaSyB-vRZDGf6epJD27gMqIhTrzZDxPRS8mNA","authDomain":"cdebybtm.firebaseapp.com","messagingSenderId":"496865873078","measurementId":"G-H113CK947X"}
[debug] [2023-01-25T12:18:23.906Z] >>> [apiv2][query] GET https://firebase.googleapis.com/v1beta1/projects/cdebybtm [none]
[debug] [2023-01-25T12:18:24.240Z] <<< [apiv2][status] GET https://firebase.googleapis.com/v1beta1/projects/cdebybtm 200
[debug] [2023-01-25T12:18:24.240Z] <<< [apiv2][body] GET https://firebase.googleapis.com/v1beta1/projects/cdebybtm {"projectId":"cdebybtm","projectNumber":"496865873078","displayName":"CDEBYBTM","name":"projects/cdebybtm","resources":{"hostingSite":"cdebybtm","realtimeDatabaseInstance":"cdebybtm-default-rtdb"},"state":"ACTIVE","etag":"1_01dce7ca-7611-47a6-acc8-e342bfe28ffd"}
[info] i  hosting[cdebybtm]: Serving hosting files from: public {"metadata":{"emulator":{"name":"hosting"},"message":"Serving hosting files from: \u001b[1mpublic\u001b[22m"}}
[info] ✔  hosting[cdebybtm]: Local server: http://127.0.0.1:5000 {"metadata":{"emulator":{"name":"hosting"},"message":"Local server: \u001b[4m\u001b[1mhttp://127.0.0.1:5000\u001b[22m\u001b[24m"}}
[debug] [2023-01-25T12:18:24.279Z] Ignoring unsupported arg: auto_download {"metadata":{"emulator":{"name":"ui"},"message":"Ignoring unsupported arg: auto_download"}}
[debug] [2023-01-25T12:18:24.279Z] Ignoring unsupported arg: port {"metadata":{"emulator":{"name":"ui"},"message":"Ignoring unsupported arg: port"}}
[debug] [2023-01-25T12:18:24.279Z] Starting Emulator UI with command {"binary":"node","args":["/home/goddardl/.cache/firebase/emulators/ui-v1.11.2/server/server.js"],"optionalArgs":[],"joinArgs":false} {"metadata":{"emulator":{"name":"ui"},"message":"Starting Emulator UI with command {\"binary\":\"node\",\"args\":[\"/home/goddardl/.cache/firebase/emulators/ui-v1.11.2/server/server.js\"],\"optionalArgs\":[],\"joinArgs\":false}"}}
[info] i  ui: Emulator UI logging to ui-debug.log {"metadata":{"emulator":{"name":"ui"},"message":"Emulator UI logging to \u001b[1mui-debug.log\u001b[22m"}}
[debug] [2023-01-25T12:18:24.417Z] Web / API server started at 127.0.0.1:4000
 {"metadata":{"emulator":{"name":"ui"},"message":"Web / API server started at 127.0.0.1:4000\n"}}
[debug] [2023-01-25T12:18:24.418Z] Web / API server started at ::1:4000
 {"metadata":{"emulator":{"name":"ui"},"message":"Web / API server started at ::1:4000\n"}}
[info] i  functions: Watching "/home/goddardl/Documents/GitHub/cdebybtm/functions" for Cloud Functions... {"metadata":{"emulator":{"name":"functions"},"message":"Watching \"/home/goddardl/Documents/GitHub/cdebybtm/functions\" for Cloud Functions..."}}
[debug] [2023-01-25T12:18:24.562Z] Validating nodejs source
[warn] ⚠  functions: package.json indicates an outdated version of firebase-functions. Please upgrade using npm install --save firebase-functions@latest in your functions directory. 
[warn] ⚠  functions: Please note that there will be breaking changes when you upgrade. 
[debug] [2023-01-25T12:18:25.626Z] > [functions] package.json contents: {
  "name": "functions",
  "description": "Cloud Functions for Firebase",
  "scripts": {
    "lint": "eslint .",
    "serve": "firebase emulators:start --only functions",
    "shell": "firebase functions:shell",
    "start": "npm run shell",
    "deploy": "firebase deploy --only functions",
    "logs": "firebase functions:log"
  },
  "engines": {
    "node": "16"
  },
  "main": "index.js",
  "dependencies": {
    "firebase-admin": "^10.0.2",
    "firebase-functions": "^3.18.0"
  },
  "devDependencies": {
    "eslint": "^8.9.0",
    "eslint-config-google": "^0.14.0",
    "firebase-functions-test": "^0.2.0"
  },
  "private": true
}
[debug] [2023-01-25T12:18:25.627Z] Building nodejs source
[debug] [2023-01-25T12:18:25.629Z] Could not find functions.yaml. Must use http discovery
[debug] [2023-01-25T12:18:25.818Z] Serving at port 9005

[debug] [2023-01-25T12:18:25.936Z] Got response from /__/functions.yaml {"endpoints":{"helloWorld":{"platform":"gcfv1","httpsTrigger":{},"entryPoint":"helloWorld"}},"specVersion":"v1alpha1","requiredAPIs":[]}
[debug] [2023-01-25T12:18:25.952Z] shutdown requested via /__/quitquitquit

[info] ✔  functions: Loaded functions definitions from source: helloWorld. {"metadata":{"emulator":{"name":"functions"},"message":"Loaded functions definitions from source: helloWorld."}}
[info] ✔  functions[us-central1-helloWorld]: http function initialized (http://127.0.0.1:5001/cdebybtm/us-central1/helloWorld). {"metadata":{"emulator":{"name":"functions"},"message":"\u001b[1mhttp\u001b[22m function initialized (http://127.0.0.1:5001/cdebybtm/us-central1/helloWorld)."}}
[info] 
┌─────────────────────────────────────────────────────────────┐
│ ✔  All emulators ready! It is now safe to connect your app. │
│ i  View Emulator UI at http://127.0.0.1:4000/               │
└─────────────────────────────────────────────────────────────┘

┌───────────┬────────────────┬─────────────────────────────────┐
│ Emulator  │ Host:Port      │ View in Emulator UI             │
├───────────┼────────────────┼─────────────────────────────────┤
│ Functions │ 127.0.0.1:5001 │ http://127.0.0.1:4000/functions │
├───────────┼────────────────┼─────────────────────────────────┤
│ Hosting   │ 127.0.0.1:5000 │ n/a                             │
└───────────┴────────────────┴─────────────────────────────────┘
  Emulator Hub running at 127.0.0.1:4400
  Other reserved ports: 4500

Issues? Report them at https://github.com/firebase/firebase-tools/issues and attach the *-debug.log files.
 
[debug] [2023-01-25T12:19:08.337Z] [work-queue] {"queuedWork":["/cdebybtm/us-central1/helloWorld-2023-01-25T12:19:08.337Z"],"queueLength":1,"runningWork":[],"workRunningCount":0}
[debug] [2023-01-25T12:19:08.339Z] [work-queue] {"queuedWork":[],"queueLength":0,"runningWork":["/cdebybtm/us-central1/helloWorld-2023-01-25T12:19:08.337Z"],"workRunningCount":1}
[debug] [2023-01-25T12:19:08.341Z] Accepted request GET /cdebybtm/us-central1/helloWorld --> us-central1-helloWorld
[debug] [2023-01-25T12:19:08.353Z] [functions] Runtime ready! Sending request! {"metadata":{"emulator":{"name":"functions"},"message":"[functions] Runtime ready! Sending request!"}}
[debug] [2023-01-25T12:19:08.354Z] [functions] Got req.url=/cdebybtm/us-central1/helloWorld, mapping to path=/ {"metadata":{"emulator":{"name":"functions"},"message":"[functions] Got req.url=/cdebybtm/us-central1/helloWorld, mapping to path=/"}}
[debug] [2023-01-25T12:19:08.367Z] [worker-pool] addWorker(us-central1-helloWorld) {"metadata":{"emulator":{"name":"functions"},"message":"[worker-pool] addWorker(us-central1-helloWorld)"}}
[debug] [2023-01-25T12:19:08.367Z] [worker-pool] Adding worker with key us-central1-helloWorld, total=1 {"metadata":{"emulator":{"name":"functions"},"message":"[worker-pool] Adding worker with key us-central1-helloWorld, total=1"}}
[debug] [2023-01-25T12:19:09.382Z] [runtime-status] [6606] Resolved module firebase-admin {"declared":true,"installed":true,"version":"10.3.0","resolution":"/home/goddardl/Documents/GitHub/cdebybtm/functions/node_modules/firebase-admin/lib/index.js"} {"metadata":{"emulator":{"name":"functions"},"function":{"name":"us-central1-helloWorld"},"extension":{},"message":"[runtime-status] [6606] Resolved module firebase-admin {\"declared\":true,\"installed\":true,\"version\":\"10.3.0\",\"resolution\":\"/home/goddardl/Documents/GitHub/cdebybtm/functions/node_modules/firebase-admin/lib/index.js\"}"}}
[debug] [2023-01-25T12:19:09.383Z] [runtime-status] [6606] Resolved module firebase-functions {"declared":true,"installed":true,"version":"3.24.1","resolution":"/home/goddardl/Documents/GitHub/cdebybtm/functions/node_modules/firebase-functions/lib/index.js"} {"metadata":{"emulator":{"name":"functions"},"function":{"name":"us-central1-helloWorld"},"extension":{},"message":"[runtime-status] [6606] Resolved module firebase-functions {\"declared\":true,\"installed\":true,\"version\":\"3.24.1\",\"resolution\":\"/home/goddardl/Documents/GitHub/cdebybtm/functions/node_modules/firebase-functions/lib/index.js\"}"}}
[debug] [2023-01-25T12:19:09.384Z] [runtime-status] [6606] Outgoing network have been stubbed. [{"name":"http","status":"mocked"},{"name":"http","status":"mocked"},{"name":"https","status":"mocked"},{"name":"https","status":"mocked"},{"name":"net","status":"mocked"}] {"metadata":{"emulator":{"name":"functions"},"function":{"name":"us-central1-helloWorld"},"extension":{},"message":"[runtime-status] [6606] Outgoing network have been stubbed. [{\"name\":\"http\",\"status\":\"mocked\"},{\"name\":\"http\",\"status\":\"mocked\"},{\"name\":\"https\",\"status\":\"mocked\"},{\"name\":\"https\",\"status\":\"mocked\"},{\"name\":\"net\",\"status\":\"mocked\"}]"}}
[debug] [2023-01-25T12:19:09.385Z] [runtime-status] [6606] Resolved module firebase-functions {"declared":true,"installed":true,"version":"3.24.1","resolution":"/home/goddardl/Documents/GitHub/cdebybtm/functions/node_modules/firebase-functions/lib/index.js"} {"metadata":{"emulator":{"name":"functions"},"function":{"name":"us-central1-helloWorld"},"extension":{},"message":"[runtime-status] [6606] Resolved module firebase-functions {\"declared\":true,\"installed\":true,\"version\":\"3.24.1\",\"resolution\":\"/home/goddardl/Documents/GitHub/cdebybtm/functions/node_modules/firebase-functions/lib/index.js\"}"}}
[debug] [2023-01-25T12:19:09.427Z] [runtime-status] [6606] Checked functions.config() {"config":{}} {"metadata":{"emulator":{"name":"functions"},"function":{"name":"us-central1-helloWorld"},"extension":{},"message":"[runtime-status] [6606] Checked functions.config() {\"config\":{}}"}}
[debug] [2023-01-25T12:19:09.427Z] [runtime-status] [6606] firebase-functions has been stubbed. {"functionsResolution":{"declared":true,"installed":true,"version":"3.24.1","resolution":"/home/goddardl/Documents/GitHub/cdebybtm/functions/node_modules/firebase-functions/lib/index.js"}} {"metadata":{"emulator":{"name":"functions"},"function":{"name":"us-central1-helloWorld"},"extension":{},"message":"[runtime-status] [6606] firebase-functions has been stubbed. {\"functionsResolution\":{\"declared\":true,\"installed\":true,\"version\":\"3.24.1\",\"resolution\":\"/home/goddardl/Documents/GitHub/cdebybtm/functions/node_modules/firebase-functions/lib/index.js\"}}"}}
[debug] [2023-01-25T12:19:09.428Z] [runtime-status] [6606] Resolved module firebase-functions {"declared":true,"installed":true,"version":"3.24.1","resolution":"/home/goddardl/Documents/GitHub/cdebybtm/functions/node_modules/firebase-functions/lib/index.js"} {"metadata":{"emulator":{"name":"functions"},"function":{"name":"us-central1-helloWorld"},"extension":{},"message":"[runtime-status] [6606] Resolved module firebase-functions {\"declared\":true,\"installed\":true,\"version\":\"3.24.1\",\"resolution\":\"/home/goddardl/Documents/GitHub/cdebybtm/functions/node_modules/firebase-functions/lib/index.js\"}"}}
[debug] [2023-01-25T12:19:09.429Z] [runtime-status] [6606] Resolved module firebase-admin {"declared":true,"installed":true,"version":"10.3.0","resolution":"/home/goddardl/Documents/GitHub/cdebybtm/functions/node_modules/firebase-admin/lib/index.js"} {"metadata":{"emulator":{"name":"functions"},"function":{"name":"us-central1-helloWorld"},"extension":{},"message":"[runtime-status] [6606] Resolved module firebase-admin {\"declared\":true,\"installed\":true,\"version\":\"10.3.0\",\"resolution\":\"/home/goddardl/Documents/GitHub/cdebybtm/functions/node_modules/firebase-admin/lib/index.js\"}"}}
[debug] [2023-01-25T12:19:09.431Z] [runtime-status] [6606] Resolved module firebase-functions {"declared":true,"installed":true,"version":"3.24.1","resolution":"/home/goddardl/Documents/GitHub/cdebybtm/functions/node_modules/firebase-functions/lib/index.js"} {"metadata":{"emulator":{"name":"functions"},"function":{"name":"us-central1-helloWorld"},"extension":{},"message":"[runtime-status] [6606] Resolved module firebase-functions {\"declared\":true,\"installed\":true,\"version\":\"3.24.1\",\"resolution\":\"/home/goddardl/Documents/GitHub/cdebybtm/functions/node_modules/firebase-functions/lib/index.js\"}"}}
[debug] [2023-01-25T12:19:09.432Z] [runtime-status] [6606] firebase-admin has been stubbed. {"adminResolution":{"declared":true,"installed":true,"version":"10.3.0","resolution":"/home/goddardl/Documents/GitHub/cdebybtm/functions/node_modules/firebase-admin/lib/index.js"}} {"metadata":{"emulator":{"name":"functions"},"function":{"name":"us-central1-helloWorld"},"extension":{},"message":"[runtime-status] [6606] firebase-admin has been stubbed. {\"adminResolution\":{\"declared\":true,\"installed\":true,\"version\":\"10.3.0\",\"resolution\":\"/home/goddardl/Documents/GitHub/cdebybtm/functions/node_modules/firebase-admin/lib/index.js\"}}"}}
[debug] [2023-01-25T12:19:09.439Z] [runtime-status] [6606] Functions runtime initialized. {"cwd":"/home/goddardl/Documents/GitHub/cdebybtm/functions","node_version":"18.13.0"} {"metadata":{"emulator":{"name":"functions"},"function":{"name":"us-central1-helloWorld"},"extension":{},"message":"[runtime-status] [6606] Functions runtime initialized. {\"cwd\":\"/home/goddardl/Documents/GitHub/cdebybtm/functions\",\"node_version\":\"18.13.0\"}"}}
[debug] [2023-01-25T12:19:09.440Z] [runtime-status] [6606] Listening to port: /tmp/fire_emu_f90b4a00f5d6b6d3.sock {"metadata":{"emulator":{"name":"functions"},"function":{"name":"us-central1-helloWorld"},"extension":{},"message":"[runtime-status] [6606] Listening to port: /tmp/fire_emu_f90b4a00f5d6b6d3.sock"}}
[debug] [2023-01-25T12:19:09.497Z] [worker-us-central1-helloWorld-28dc7b9e-a520-4f3a-8128-bbcfa1188fcf]: IDLE {"metadata":{"emulator":{"name":"functions"},"message":"[worker-us-central1-helloWorld-28dc7b9e-a520-4f3a-8128-bbcfa1188fcf]: IDLE"}}
[debug] [2023-01-25T12:19:09.498Z] [worker-pool] submitRequest(triggerId=us-central1-helloWorld) {"metadata":{"emulator":{"name":"functions"},"message":"[worker-pool] submitRequest(triggerId=us-central1-helloWorld)"}}
[debug] [2023-01-25T12:19:09.499Z] [worker-us-central1-helloWorld-28dc7b9e-a520-4f3a-8128-bbcfa1188fcf]: BUSY {"metadata":{"emulator":{"name":"functions"},"message":"[worker-us-central1-helloWorld-28dc7b9e-a520-4f3a-8128-bbcfa1188fcf]: BUSY"}}
[info] i  functions: Beginning execution of "helloWorld" {"metadata":{"emulator":{"name":"functions"},"function":{"name":"us-central1-helloWorld"},"extension":{},"message":"Beginning execution of \"helloWorld\""}}
[info] >  {"structuredData":true,"severity":"INFO","message":"Hello logs!"} {"user":{"structuredData":true,"severity":"INFO","message":"Hello logs!"},"metadata":{"emulator":{"name":"functions"},"function":{"name":"us-central1-helloWorld"},"extension":{},"message":"\u001b[90m> \u001b[39m {\"structuredData\":true,\"severity\":\"INFO\",\"message\":\"Hello logs!\"}"}}
[debug] [2023-01-25T12:19:09.512Z] [worker-us-central1-helloWorld-28dc7b9e-a520-4f3a-8128-bbcfa1188fcf]: IDLE {"metadata":{"emulator":{"name":"functions"},"message":"[worker-us-central1-helloWorld-28dc7b9e-a520-4f3a-8128-bbcfa1188fcf]: IDLE"}}
[debug] [2023-01-25T12:19:09.512Z] [work-queue] {"queuedWork":[],"queueLength":0,"runningWork":[],"workRunningCount":0}
[info] i  functions: Finished "helloWorld" in 5.333915ms {"metadata":{"emulator":{"name":"functions"},"function":{"name":"us-central1-helloWorld"},"extension":{},"message":"Finished \"helloWorld\" in 5.333915ms"}}
[debug] [2023-01-25T12:19:09.630Z] Functions emulator received unknown request at path /favicon.ico
